<?xml version="1.0" encoding="UTF-8"?>
<testng-results skipped="0" failed="0" ignored="0" total="12" passed="12">
  <reporter-output>
  </reporter-output>
  <suite name="TestSuite" duration-ms="10053" started-at="2019-06-04T00:06:39Z" finished-at="2019-06-04T00:06:49Z">
    <groups>
    </groups>
    <test name="ChromeTest" duration-ms="8786" started-at="2019-06-04T00:06:39Z" finished-at="2019-06-04T00:06:48Z">
      <class name="com.kugeci.HomePage">
        <test-method status="PASS" signature="beforeTest(java.lang.String)[pri:0, instance:com.kugeci.HomePage@68c4039c]" name="beforeTest" is-config="true" duration-ms="2856" started-at="2019-06-04T00:06:39Z" finished-at="2019-06-04T00:06:42Z">
          <params>
            <param index="0">
              <value>
                <![CDATA[Chrome]]>
              </value>
            </param>
          </params>
          <reporter-output>
          </reporter-output>
        </test-method> <!-- beforeTest -->
        <test-method status="PASS" signature="beforeChildTest()[pri:0, instance:com.kugeci.HomePage@68c4039c]" name="beforeChildTest" is-config="true" duration-ms="4679" started-at="2019-06-04T00:06:42Z" depends-on-methods="com.kugeci.Setup.beforeTest" finished-at="2019-06-04T00:06:47Z">
          <reporter-output>
          </reporter-output>
        </test-method> <!-- beforeChildTest -->
        <test-method status="PASS" signature="testCopyrightYear()[pri:0, instance:com.kugeci.HomePage@68c4039c]" name="testCopyrightYear" duration-ms="53" started-at="2019-06-04T00:06:47Z" finished-at="2019-06-04T00:06:47Z">
          <reporter-output>
          </reporter-output>
        </test-method> <!-- testCopyrightYear -->
        <test-method status="PASS" signature="testLanguage()[pri:0, instance:com.kugeci.HomePage@68c4039c]" name="testLanguage" duration-ms="62" started-at="2019-06-04T00:06:47Z" finished-at="2019-06-04T00:06:47Z">
          <reporter-output>
          </reporter-output>
        </test-method> <!-- testLanguage -->
        <test-method status="PASS" signature="testSearch()[pri:0, instance:com.kugeci.HomePage@68c4039c]" name="testSearch" duration-ms="25" started-at="2019-06-04T00:06:47Z" finished-at="2019-06-04T00:06:47Z">
          <reporter-output>
          </reporter-output>
        </test-method> <!-- testSearch -->
        <test-method status="PASS" signature="testTables()[pri:0, instance:com.kugeci.HomePage@68c4039c]" name="testTables" duration-ms="193" started-at="2019-06-04T00:06:47Z" finished-at="2019-06-04T00:06:47Z">
          <reporter-output>
          </reporter-output>
        </test-method> <!-- testTables -->
        <test-method status="PASS" signature="testTabs()[pri:0, instance:com.kugeci.HomePage@68c4039c]" name="testTabs" duration-ms="212" started-at="2019-06-04T00:06:47Z" finished-at="2019-06-04T00:06:47Z">
          <reporter-output>
          </reporter-output>
        </test-method> <!-- testTabs -->
        <test-method status="PASS" signature="testTitle()[pri:0, instance:com.kugeci.HomePage@68c4039c]" name="testTitle" duration-ms="7" started-at="2019-06-04T00:06:47Z" finished-at="2019-06-04T00:06:47Z">
          <reporter-output>
          </reporter-output>
        </test-method> <!-- testTitle -->
        <test-method status="PASS" signature="afterTest()[pri:0, instance:com.kugeci.HomePage@68c4039c]" name="afterTest" is-config="true" duration-ms="671" started-at="2019-06-04T00:06:47Z" finished-at="2019-06-04T00:06:48Z">
          <reporter-output>
          </reporter-output>
        </test-method> <!-- afterTest -->
      </class> <!-- com.kugeci.HomePage -->
    </test> <!-- ChromeTest -->
    <test name="FirefoxTest" duration-ms="10053" started-at="2019-06-04T00:06:39Z" finished-at="2019-06-04T00:06:49Z">
      <class name="com.kugeci.HomePage">
        <test-method status="PASS" signature="beforeTest(java.lang.String)[pri:0, instance:com.kugeci.HomePage@464bee09]" name="beforeTest" is-config="true" duration-ms="3385" started-at="2019-06-04T00:06:39Z" finished-at="2019-06-04T00:06:43Z">
          <params>
            <param index="0">
              <value>
                <![CDATA[Firefox]]>
              </value>
            </param>
          </params>
          <reporter-output>
          </reporter-output>
        </test-method> <!-- beforeTest -->
        <test-method status="PASS" signature="beforeChildTest()[pri:0, instance:com.kugeci.HomePage@464bee09]" name="beforeChildTest" is-config="true" duration-ms="5326" started-at="2019-06-04T00:06:43Z" depends-on-methods="com.kugeci.Setup.beforeTest" finished-at="2019-06-04T00:06:48Z">
          <reporter-output>
          </reporter-output>
        </test-method> <!-- beforeChildTest -->
        <test-method status="PASS" signature="testCopyrightYear()[pri:0, instance:com.kugeci.HomePage@464bee09]" name="testCopyrightYear" duration-ms="131" started-at="2019-06-04T00:06:48Z" finished-at="2019-06-04T00:06:48Z">
          <reporter-output>
          </reporter-output>
        </test-method> <!-- testCopyrightYear -->
        <test-method status="PASS" signature="testLanguage()[pri:0, instance:com.kugeci.HomePage@464bee09]" name="testLanguage" duration-ms="32" started-at="2019-06-04T00:06:48Z" finished-at="2019-06-04T00:06:48Z">
          <reporter-output>
          </reporter-output>
        </test-method> <!-- testLanguage -->
        <test-method status="PASS" signature="testSearch()[pri:0, instance:com.kugeci.HomePage@464bee09]" name="testSearch" duration-ms="30" started-at="2019-06-04T00:06:48Z" finished-at="2019-06-04T00:06:48Z">
          <reporter-output>
          </reporter-output>
        </test-method> <!-- testSearch -->
        <test-method status="PASS" signature="testTables()[pri:0, instance:com.kugeci.HomePage@464bee09]" name="testTables" duration-ms="97" started-at="2019-06-04T00:06:48Z" finished-at="2019-06-04T00:06:48Z">
          <reporter-output>
          </reporter-output>
        </test-method> <!-- testTables -->
        <test-method status="PASS" signature="testTabs()[pri:0, instance:com.kugeci.HomePage@464bee09]" name="testTabs" duration-ms="72" started-at="2019-06-04T00:06:48Z" finished-at="2019-06-04T00:06:48Z">
          <reporter-output>
          </reporter-output>
        </test-method> <!-- testTabs -->
        <test-method status="PASS" signature="testTitle()[pri:0, instance:com.kugeci.HomePage@464bee09]" name="testTitle" duration-ms="3" started-at="2019-06-04T00:06:48Z" finished-at="2019-06-04T00:06:48Z">
          <reporter-output>
          </reporter-output>
        </test-method> <!-- testTitle -->
        <test-method status="PASS" signature="afterTest()[pri:0, instance:com.kugeci.HomePage@464bee09]" name="afterTest" is-config="true" duration-ms="970" started-at="2019-06-04T00:06:48Z" finished-at="2019-06-04T00:06:49Z">
          <reporter-output>
          </reporter-output>
        </test-method> <!-- afterTest -->
      </class> <!-- com.kugeci.HomePage -->
    </test> <!-- FirefoxTest -->
  </suite> <!-- TestSuite -->
</testng-results>
