<?xml version="1.0" encoding="UTF-8"?>
<!-- Generated by org.testng.reporters.JUnitXMLReporter -->
<testsuite hostname="RCH-44P6PC2" ignored="0" name="ChromeTest" tests="6" failures="0" timestamp="04 Jun 2019 00:06:48 GMT" time="8.786" errors="0">
  <testcase name="testCopyrightYear" time="0.053" classname="com.kugeci.HomePage"/>
  <testcase name="testLanguage" time="0.062" classname="com.kugeci.HomePage"/>
  <testcase name="testSearch" time="0.025" classname="com.kugeci.HomePage"/>
  <testcase name="testTables" time="0.193" classname="com.kugeci.HomePage"/>
  <testcase name="testTabs" time="0.212" classname="com.kugeci.HomePage"/>
  <testcase name="testTitle" time="0.007" classname="com.kugeci.HomePage"/>
</testsuite> <!-- ChromeTest -->
