<?xml version="1.0" encoding="UTF-8"?>
<!-- Generated by org.testng.reporters.JUnitXMLReporter -->
<testsuite hostname="RCH-44P6PC2" ignored="0" name="FirefoxTest" tests="6" failures="0" timestamp="04 Jun 2019 00:06:49 GMT" time="10.053" errors="0">
  <testcase name="testCopyrightYear" time="0.131" classname="com.kugeci.HomePage"/>
  <testcase name="testLanguage" time="0.032" classname="com.kugeci.HomePage"/>
  <testcase name="testSearch" time="0.03" classname="com.kugeci.HomePage"/>
  <testcase name="testTables" time="0.097" classname="com.kugeci.HomePage"/>
  <testcase name="testTabs" time="0.072" classname="com.kugeci.HomePage"/>
  <testcase name="testTitle" time="0.003" classname="com.kugeci.HomePage"/>
</testsuite> <!-- FirefoxTest -->
